#
# There is insufficient memory for the Java Runtime Environment to continue.
# Native memory allocation (malloc) failed to allocate 99536 bytes for Chunk::new
# Possible reasons:
#   The system is out of physical RAM or swap space
#   The process is running with CompressedOops enabled, and the Java Heap may be blocking the growth of the native heap
# Possible solutions:
#   Reduce memory load on the system
#   Increase physical memory or swap space
#   Check if swap backing store is full
#   Decrease Java heap size (-Xmx/-Xms)
#   Decrease number of Java threads
#   Decrease Java thread stack sizes (-Xss)
#   Set larger code cache with -XX:ReservedCodeCacheSize=
#   JVM is running with Unscaled Compressed Oops mode in which the Java heap is
#     placed in the first 4GB address space. The Java Heap base address is the
#     maximum limit for the native heap growth. Please use -XX:HeapBaseMinAddress
#     to set the Java Heap base and to place the Java Heap above 4GB virtual address.
# This output file may be truncated or incomplete.
#
#  Out of Memory Error (allocation.cpp:389), pid=11068, tid=0x00000000000008f8
#
# JRE version: OpenJDK Runtime Environment (8.0_242-b01) (build 1.8.0_242-release-1644-b01)
# Java VM: OpenJDK 64-Bit Server VM (25.242-b01 mixed mode windows-amd64 compressed oops)
# Failed to write core dump. Minidumps are not enabled by default on client versions of Windows
#

---------------  T H R E A D  ---------------

Current thread (0x00000000165d8000):  JavaThread "C2 CompilerThread1" daemon [_thread_in_native, id=2296, stack(0x0000000016fa0000,0x00000000170a0000)]

Stack: [0x0000000016fa0000,0x00000000170a0000]
[error occurred during error reporting (printing stack bounds), id 0xc0000005]

Native frames: (J=compiled Java code, j=interpreted, Vv=VM code, C=native code)


Current CompileTask:
C2: 128847 12015       4       sun.nio.cs.UTF_8$Encoder::encodeArrayLoop (489 bytes)


---------------  P R O C E S S  ---------------

Java Threads: ( => current thread )
  0x000000001d1b8000 JavaThread "stdout" [_thread_in_native, id=12960, stack(0x00000000293a0000,0x00000000294a0000)]
  0x000000001d1bb000 JavaThread "stderr" [_thread_in_native, id=8012, stack(0x00000000292a0000,0x00000000293a0000)]
  0x000000001d1b7800 JavaThread "stdout" [_thread_in_native, id=8896, stack(0x00000000291a0000,0x00000000292a0000)]
  0x000000001bf60000 JavaThread "stderr" [_thread_in_native, id=3844, stack(0x00000000290a0000,0x00000000291a0000)]
  0x000000001bf5f000 JavaThread "stdout" [_thread_in_native, id=3252, stack(0x0000000028fa0000,0x00000000290a0000)]
  0x000000001bf5e800 JavaThread "stderr" [_thread_in_native, id=2272, stack(0x0000000028ea0000,0x0000000028fa0000)]
  0x000000001bf5d800 JavaThread "stdout" [_thread_in_native, id=11296, stack(0x0000000028da0000,0x0000000028ea0000)]
  0x000000001bf5d000 JavaThread "stderr" [_thread_in_native, id=9008, stack(0x0000000028ca0000,0x0000000028da0000)]
  0x000000001bf5c000 JavaThread "stdout" [_thread_in_native, id=1144, stack(0x0000000028ba0000,0x0000000028ca0000)]
  0x000000001bf5b800 JavaThread "stderr" [_thread_in_native, id=8544, stack(0x0000000028aa0000,0x0000000028ba0000)]
  0x000000001bf5a800 JavaThread "stdout" [_thread_in_native, id=6968, stack(0x00000000289a0000,0x0000000028aa0000)]
  0x000000001bf53000 JavaThread "stderr" [_thread_in_native, id=12364, stack(0x00000000288a0000,0x00000000289a0000)]
  0x000000001bf5a000 JavaThread "stdout" [_thread_in_native, id=9660, stack(0x00000000287a0000,0x00000000288a0000)]
  0x000000001bf54000 JavaThread "stderr" [_thread_in_native, id=5948, stack(0x00000000286a0000,0x00000000287a0000)]
  0x000000001bf52800 JavaThread "stdout" [_thread_in_native, id=12972, stack(0x00000000285a0000,0x00000000286a0000)]
  0x000000001bf59000 JavaThread "stderr" [_thread_in_native, id=8468, stack(0x00000000284a0000,0x00000000285a0000)]
  0x000000001bf58800 JavaThread "pool-4-thread-1" [_thread_blocked, id=12276, stack(0x00000000283a0000,0x00000000284a0000)]
  0x000000001bf51800 JavaThread "WorkerExecutor Queue Thread 8" [_thread_blocked, id=4852, stack(0x00000000282a0000,0x00000000283a0000)]
  0x000000001bf51000 JavaThread "WorkerExecutor Queue Thread 7" [_thread_blocked, id=10000, stack(0x00000000281a0000,0x00000000282a0000)]
  0x000000001bf54800 JavaThread "WorkerExecutor Queue Thread 6" [_thread_blocked, id=11816, stack(0x00000000280a0000,0x00000000281a0000)]
  0x000000001bf57800 JavaThread "WorkerExecutor Queue Thread 5" [_thread_blocked, id=8480, stack(0x0000000027fa0000,0x00000000280a0000)]
  0x000000001bf57000 JavaThread "WorkerExecutor Queue Thread 4" [_thread_blocked, id=10680, stack(0x0000000027ea0000,0x0000000027fa0000)]
  0x000000001bf55800 JavaThread "WorkerExecutor Queue Thread 3" [_thread_blocked, id=8388, stack(0x0000000027da0000,0x0000000027ea0000)]
  0x000000001c886000 JavaThread "WorkerExecutor Queue Thread 2" [_thread_blocked, id=5752, stack(0x0000000027ca0000,0x0000000027da0000)]
  0x000000001c884800 JavaThread "WorkerExecutor Queue" [_thread_blocked, id=9032, stack(0x0000000027ba0000,0x0000000027ca0000)]
  0x000000001c887000 JavaThread "Cache worker for execution history cache (C:\Users\Murok\Desktop\Android\QuizApp-Android\.gradle\6.1.1\executionHistory)" [_thread_blocked, id=9648, stack(0x0000000027aa0000,0x0000000027ba0000)]
  0x000000001c882000 JavaThread "Execution worker for ':' Thread 7" [_thread_blocked, id=2640, stack(0x00000000279a0000,0x0000000027aa0000)]
  0x000000001c883800 JavaThread "Execution worker for ':' Thread 6" [_thread_blocked, id=8296, stack(0x00000000278a0000,0x00000000279a0000)]
  0x000000001c87a800 JavaThread "Execution worker for ':' Thread 5" [_thread_blocked, id=9448, stack(0x00000000277a0000,0x00000000278a0000)]
  0x000000001c881800 JavaThread "Execution worker for ':' Thread 4" [_thread_blocked, id=10820, stack(0x00000000276a0000,0x00000000277a0000)]
  0x000000001c880800 JavaThread "Execution worker for ':' Thread 3" [_thread_blocked, id=10912, stack(0x00000000275a0000,0x00000000276a0000)]
  0x000000001c87a000 JavaThread "Execution worker for ':' Thread 2" [_thread_blocked, id=7020, stack(0x00000000274a0000,0x00000000275a0000)]
  0x000000001c87e800 JavaThread "Execution worker for ':'" [_thread_blocked, id=7244, stack(0x00000000273a0000,0x00000000274a0000)]
  0x000000001c87d800 JavaThread "Cache worker for file content cache (C:\Users\Murok\Desktop\Android\QuizApp-Android\.gradle\6.1.1\fileContent)" [_thread_blocked, id=5744, stack(0x00000000272a0000,0x00000000273a0000)]
  0x000000001c880000 JavaThread "Cache worker for file content cache (C:\Users\Murok\.gradle\caches\6.1.1\fileContent)" [_thread_blocked, id=12820, stack(0x00000000271a0000,0x00000000272a0000)]
  0x000000001c87d000 JavaThread "Memory manager" [_thread_blocked, id=7276, stack(0x00000000270a0000,0x00000000271a0000)]
  0x000000001c87c000 JavaThread "Cache worker for Build Output Cleanup Cache (C:\Users\Murok\Desktop\Android\QuizApp-Android\.gradle\buildOutputCleanup)" [_thread_blocked, id=9968, stack(0x0000000026fa0000,0x00000000270a0000)]
  0x000000001c87b800 JavaThread "Build operations Thread 8" [_thread_blocked, id=2336, stack(0x0000000026ea0000,0x0000000026fa0000)]
  0x000000001c87f000 JavaThread "Build operations Thread 7" [_thread_blocked, id=2044, stack(0x0000000026da0000,0x0000000026ea0000)]
  0x000000001c879000 JavaThread "Build operations Thread 6" [_thread_blocked, id=1056, stack(0x0000000026ca0000,0x0000000026da0000)]
  0x0000000019163800 JavaThread "Build operations Thread 5" [_thread_blocked, id=1244, stack(0x0000000026ba0000,0x0000000026ca0000)]
  0x0000000019160800 JavaThread "Build operations Thread 4" [_thread_blocked, id=12320, stack(0x0000000026aa0000,0x0000000026ba0000)]
  0x000000001915d800 JavaThread "Build operations Thread 3" [_thread_blocked, id=8256, stack(0x00000000269a0000,0x0000000026aa0000)]
  0x0000000019163000 JavaThread "Build operations Thread 2" [_thread_blocked, id=11808, stack(0x00000000268a0000,0x00000000269a0000)]
  0x00000000183a5800 JavaThread "Build operations" [_thread_blocked, id=9380, stack(0x00000000267a0000,0x00000000268a0000)]
  0x00000000183a4000 JavaThread "Cache worker for cache directory md-rule (C:\Users\Murok\.gradle\caches\6.1.1\md-rule)" [_thread_blocked, id=7416, stack(0x00000000266a0000,0x00000000267a0000)]
  0x000000001839c800 JavaThread "Cache worker for cache directory md-supplier (C:\Users\Murok\.gradle\caches\6.1.1\md-supplier)" [_thread_blocked, id=2380, stack(0x00000000265a0000,0x00000000266a0000)]
  0x00000000183a1000 JavaThread "Cache worker for file hash cache (C:\Users\Murok\Desktop\Android\QuizApp-Android\.gradle\6.1.1\fileHashes)" [_thread_blocked, id=1780, stack(0x00000000264a0000,0x00000000265a0000)]
  0x0000000018399000 JavaThread "Cache worker for checksums cache (C:\Users\Murok\Desktop\Android\QuizApp-Android\.gradle\checksums)" [_thread_blocked, id=3920, stack(0x0000000025350000,0x0000000025450000)]
  0x000000001839f800 JavaThread "Thread-30" [_thread_blocked, id=10720, stack(0x0000000025250000,0x0000000025350000)]
  0x000000001839b000 JavaThread "Stdin handler" [_thread_blocked, id=7452, stack(0x0000000025150000,0x0000000025250000)]
  0x0000000018399800 JavaThread "Asynchronous log dispatcher for DefaultDaemonConnection: socket connection from /127.0.0.1:58446 to /127.0.0.1:58504" [_thread_blocked, id=1032, stack(0x0000000025050000,0x0000000025150000)]
  0x000000001839f000 JavaThread "Cancel handler" [_thread_blocked, id=1636, stack(0x0000000024f50000,0x0000000025050000)]
  0x000000001839a800 JavaThread "Handler for socket connection from /127.0.0.1:58446 to /127.0.0.1:58504" [_thread_in_native, id=8924, stack(0x0000000024e50000,0x0000000024f50000)]
  0x0000000019160000 JavaThread "Cache worker for execution history cache (C:\Users\Murok\.gradle\caches\6.1.1\executionHistory)" [_thread_blocked, id=12432, stack(0x000000001ef20000,0x000000001f020000)]
  0x000000001915f000 JavaThread "Cache worker for file hash cache (C:\Users\Murok\.gradle\caches\6.1.1\fileHashes)" [_thread_blocked, id=3572, stack(0x000000001b3d0000,0x000000001b4d0000)]
  0x000000001915e800 JavaThread "File lock request listener" [_thread_in_native, id=10412, stack(0x000000001b2d0000,0x000000001b3d0000)]
  0x0000000019459800 JavaThread "Cache worker for journal cache (C:\Users\Murok\.gradle\caches\journal-1)" [_thread_blocked, id=5292, stack(0x000000001b1d0000,0x000000001b2d0000)]
  0x0000000019095800 JavaThread "Daemon worker" [_thread_blocked, id=6584, stack(0x000000001aad0000,0x000000001abd0000)]
  0x0000000019053800 JavaThread "Daemon" [_thread_blocked, id=11952, stack(0x000000001a5d0000,0x000000001a6d0000)]
  0x0000000018ff3000 JavaThread "Daemon periodic checks" [_thread_blocked, id=11380, stack(0x000000001a4d0000,0x000000001a5d0000)]
  0x0000000018ff1800 JavaThread "Incoming local TCP Connector on port 58446" [_thread_in_native, id=12648, stack(0x000000001a280000,0x000000001a380000)]
  0x0000000018eef800 JavaThread "Daemon health stats" [_thread_blocked, id=1932, stack(0x0000000019c40000,0x0000000019d40000)]
  0x000000001666b800 JavaThread "Service Thread" daemon [_thread_blocked, id=8696, stack(0x00000000172a0000,0x00000000173a0000)]
  0x00000000165e3000 JavaThread "C1 CompilerThread3" daemon [_thread_in_native, id=11632, stack(0x00000000171a0000,0x00000000172a0000)]
  0x00000000165da800 JavaThread "C2 CompilerThread2" daemon [_thread_blocked, id=7192, stack(0x00000000170a0000,0x00000000171a0000)]
=>0x00000000165d8000 JavaThread "C2 CompilerThread1" daemon [_thread_in_native, id=2296, stack(0x0000000016fa0000,0x00000000170a0000)]
  0x00000000165d6000 JavaThread "C2 CompilerThread0" daemon [_thread_blocked, id=1132, stack(0x0000000016ea0000,0x0000000016fa0000)]
  0x00000000165d5000 JavaThread "Attach Listener" daemon [_thread_blocked, id=804, stack(0x0000000016da0000,0x0000000016ea0000)]
  0x00000000165d4000 JavaThread "Signal Dispatcher" daemon [_thread_blocked, id=6068, stack(0x0000000016ca0000,0x0000000016da0000)]
  0x00000000165c1800 JavaThread "Finalizer" daemon [_thread_blocked, id=7380, stack(0x0000000016aa0000,0x0000000016ba0000)]
  0x00000000165c0800 JavaThread "Reference Handler" daemon [_thread_blocked, id=13268, stack(0x00000000169a0000,0x0000000016aa0000)]
  0x0000000002f3e000 JavaThread "main" [_thread_blocked, id=7612, stack(0x0000000001490000,0x0000000001590000)]

Other Threads:
  0x00000000147c6800 VMThread [stack: 0x00000000164a0000,0x00000000165a0000] [id=2184]
  0x000000001666c800 WatcherThread [stack: 0x00000000173a0000,0x00000000174a0000] [id=12488]

VM state:not at safepoint (normal execution)

VM Mutex/Monitor currently owned by a thread: None

heap address: 0x00000000e0000000, size: 512 MB, Compressed Oops mode: 32-bit
Narrow klass base: 0x0000000000000000, Narrow klass shift: 3
Compressed class space size: 1073741824 Address: 0x0000000100000000

Heap:
 PSYoungGen      total 140800K, used 46188K [0x00000000f5580000, 0x0000000100000000, 0x0000000100000000)
  eden space 107008K, 29% used [0x00000000f5580000,0x00000000f746a620,0x00000000fbe00000)
  from space 33792K, 43% used [0x00000000fbe00000,0x00000000fcc30bf8,0x00000000fdf00000)
  to   space 32256K, 0% used [0x00000000fe080000,0x00000000fe080000,0x0000000100000000)
 ParOldGen       total 209408K, used 67550K [0x00000000e0000000, 0x00000000ecc80000, 0x00000000f5580000)
  object space 209408K, 32% used [0x00000000e0000000,0x00000000e41f7a18,0x00000000ecc80000)
 Metaspace       used 87110K, capacity 91294K, committed 91544K, reserved 1128448K
  class space    used 11468K, capacity 12319K, committed 12440K, reserved 1048576K

Card table byte_map: [0x0000000012320000,0x0000000012430000] byte_map_base: 0x0000000011c20000

Marking Bits: (ParMarkBitMap*) 0x000000005146f030
 Begin Bits: [0x0000000012ce0000, 0x00000000134e0000)
 End Bits:   [0x00000000134e0000, 0x0000000013ce0000)

Polling page: 0x0000000000be0000

CodeCache: size=245760Kb used=35269Kb max_used=35274Kb free=210490Kb
 bounds [0x0000000002f60000, 0x0000000005210000, 0x0000000011f60000]
 total_blobs=11184 nmethods=10298 adapters=798
 compilation: enabled

Compilation events (10 events):
Event: 128.833 Thread 0x00000000165d6000 12011       4       java.nio.ByteBuffer::hasArray (20 bytes)
Event: 128.834 Thread 0x00000000165d6000 nmethod 12011 0x00000000051a63d0 code [0x00000000051a6500, 0x00000000051a6598]
Event: 128.835 Thread 0x00000000165e3000 12012       3       sun.nio.cs.SingleByte$Decoder::decodeLoop (28 bytes)
Event: 128.836 Thread 0x00000000165e3000 nmethod 12012 0x00000000051a1ed0 code [0x00000000051a2060, 0x00000000051a2598]
Event: 128.837 Thread 0x00000000165e3000 12013       1       com.android.ide.common.resources.CompileResourceRequest::getPartialRFile (5 bytes)
Event: 128.837 Thread 0x00000000165e3000 nmethod 12013 0x00000000051a6110 code [0x00000000051a6260, 0x00000000051a6370]
Event: 128.838 Thread 0x00000000165e3000 12014       3       com.google.common.util.concurrent.AbstractFuture$UnsafeAtomicHelper::casWaiters (13 bytes)
Event: 128.838 Thread 0x00000000165e3000 nmethod 12014 0x00000000051a1b50 code [0x00000000051a1ca0, 0x00000000051a1e30]
Event: 128.840 Thread 0x00000000165d8000 12015       4       sun.nio.cs.UTF_8$Encoder::encodeArrayLoop (489 bytes)
Event: 128.846 Thread 0x00000000165e3000 12016       3       java.io.BufferedReader::fill (170 bytes)

GC Heap History (10 events):
Event: 71.321 GC heap before
{Heap before GC invocations=16 (full 3):
 PSYoungGen      total 150016K, used 150014K [0x00000000f5580000, 0x0000000100000000, 0x0000000100000000)
  eden space 130560K, 100% used [0x00000000f5580000,0x00000000fd500000,0x00000000fd500000)
  from space 19456K, 99% used [0x00000000fed00000,0x00000000fffffae8,0x0000000100000000)
  to   space 22016K, 0% used [0x00000000fd500000,0x00000000fd500000,0x00000000fea80000)
 ParOldGen       total 209408K, used 33622K [0x00000000e0000000, 0x00000000ecc80000, 0x00000000f5580000)
  object space 209408K, 16% used [0x00000000e0000000,0x00000000e20d5bd0,0x00000000ecc80000)
 Metaspace       used 76056K, capacity 79412K, committed 79640K, reserved 1118208K
  class space    used 10292K, capacity 10955K, committed 11032K, reserved 1048576K
Event: 71.345 GC heap after
Heap after GC invocations=16 (full 3):
 PSYoungGen      total 152576K, used 14121K [0x00000000f5580000, 0x0000000100000000, 0x0000000100000000)
  eden space 130560K, 0% used [0x00000000f5580000,0x00000000f5580000,0x00000000fd500000)
  from space 22016K, 64% used [0x00000000fd500000,0x00000000fe2ca650,0x00000000fea80000)
  to   space 22016K, 0% used [0x00000000fea80000,0x00000000fea80000,0x0000000100000000)
 ParOldGen       total 209408K, used 40960K [0x00000000e0000000, 0x00000000ecc80000, 0x00000000f5580000)
  object space 209408K, 19% used [0x00000000e0000000,0x00000000e2800388,0x00000000ecc80000)
 Metaspace       used 76056K, capacity 79412K, committed 79640K, reserved 1118208K
  class space    used 10292K, capacity 10955K, committed 11032K, reserved 1048576K
}
Event: 72.686 GC heap before
{Heap before GC invocations=17 (full 3):
 PSYoungGen      total 152576K, used 144681K [0x00000000f5580000, 0x0000000100000000, 0x0000000100000000)
  eden space 130560K, 100% used [0x00000000f5580000,0x00000000fd500000,0x00000000fd500000)
  from space 22016K, 64% used [0x00000000fd500000,0x00000000fe2ca650,0x00000000fea80000)
  to   space 22016K, 0% used [0x00000000fea80000,0x00000000fea80000,0x0000000100000000)
 ParOldGen       total 209408K, used 40960K [0x00000000e0000000, 0x00000000ecc80000, 0x00000000f5580000)
  object space 209408K, 19% used [0x00000000e0000000,0x00000000e2800388,0x00000000ecc80000)
 Metaspace       used 76736K, capacity 80084K, committed 80152K, reserved 1118208K
  class space    used 10328K, capacity 10987K, committed 11032K, reserved 1048576K
Event: 72.700 GC heap after
Heap after GC invocations=17 (full 3):
 PSYoungGen      total 150528K, used 17714K [0x00000000f5580000, 0x0000000100000000, 0x0000000100000000)
  eden space 128512K, 0% used [0x00000000f5580000,0x00000000f5580000,0x00000000fd300000)
  from space 22016K, 80% used [0x00000000fea80000,0x00000000ffbcca70,0x0000000100000000)
  to   space 23040K, 0% used [0x00000000fd300000,0x00000000fd300000,0x00000000fe980000)
 ParOldGen       total 209408K, used 40968K [0x00000000e0000000, 0x00000000ecc80000, 0x00000000f5580000)
  object space 209408K, 19% used [0x00000000e0000000,0x00000000e2802388,0x00000000ecc80000)
 Metaspace       used 76736K, capacity 80084K, committed 80152K, reserved 1118208K
  class space    used 10328K, capacity 10987K, committed 11032K, reserved 1048576K
}
Event: 73.283 GC heap before
{Heap before GC invocations=18 (full 3):
 PSYoungGen      total 150528K, used 146226K [0x00000000f5580000, 0x0000000100000000, 0x0000000100000000)
  eden space 128512K, 100% used [0x00000000f5580000,0x00000000fd300000,0x00000000fd300000)
  from space 22016K, 80% used [0x00000000fea80000,0x00000000ffbcca70,0x0000000100000000)
  to   space 23040K, 0% used [0x00000000fd300000,0x00000000fd300000,0x00000000fe980000)
 ParOldGen       total 209408K, used 40968K [0x00000000e0000000, 0x00000000ecc80000, 0x00000000f5580000)
  object space 209408K, 19% used [0x00000000e0000000,0x00000000e2802388,0x00000000ecc80000)
 Metaspace       used 76756K, capacity 80084K, committed 80152K, reserved 1118208K
  class space    used 10330K, capacity 10987K, committed 11032K, reserved 1048576K
Event: 73.297 GC heap after
Heap after GC invocations=18 (full 3):
 PSYoungGen      total 149504K, used 20545K [0x00000000f5580000, 0x0000000100000000, 0x0000000100000000)
  eden space 128512K, 0% used [0x00000000f5580000,0x00000000f5580000,0x00000000fd300000)
  from space 20992K, 97% used [0x00000000fd300000,0x00000000fe710510,0x00000000fe780000)
  to   space 24576K, 0% used [0x00000000fe800000,0x00000000fe800000,0x0000000100000000)
 ParOldGen       total 209408K, used 40968K [0x00000000e0000000, 0x00000000ecc80000, 0x00000000f5580000)
  object space 209408K, 19% used [0x00000000e0000000,0x00000000e2802388,0x00000000ecc80000)
 Metaspace       used 76756K, capacity 80084K, committed 80152K, reserved 1118208K
  class space    used 10330K, capacity 10987K, committed 11032K, reserved 1048576K
}
Event: 107.747 GC heap before
{Heap before GC invocations=19 (full 3):
 PSYoungGen      total 149504K, used 149057K [0x00000000f5580000, 0x0000000100000000, 0x0000000100000000)
  eden space 128512K, 100% used [0x00000000f5580000,0x00000000fd300000,0x00000000fd300000)
  from space 20992K, 97% used [0x00000000fd300000,0x00000000fe710510,0x00000000fe780000)
  to   space 24576K, 0% used [0x00000000fe800000,0x00000000fe800000,0x0000000100000000)
 ParOldGen       total 209408K, used 40968K [0x00000000e0000000, 0x00000000ecc80000, 0x00000000f5580000)
  object space 209408K, 19% used [0x00000000e0000000,0x00000000e2802388,0x00000000ecc80000)
 Metaspace       used 83728K, capacity 87690K, committed 87960K, reserved 1126400K
  class space    used 11083K, capacity 11875K, committed 11928K, reserved 1048576K
Event: 107.792 GC heap after
Heap after GC invocations=19 (full 3):
 PSYoungGen      total 131584K, used 24560K [0x00000000f5580000, 0x0000000100000000, 0x0000000100000000)
  eden space 107008K, 0% used [0x00000000f5580000,0x00000000f5580000,0x00000000fbe00000)
  from space 24576K, 99% used [0x00000000fe800000,0x00000000ffffc140,0x0000000100000000)
  to   space 33792K, 0% used [0x00000000fbe00000,0x00000000fbe00000,0x00000000fdf00000)
 ParOldGen       total 209408K, used 56716K [0x00000000e0000000, 0x00000000ecc80000, 0x00000000f5580000)
  object space 209408K, 27% used [0x00000000e0000000,0x00000000e3763388,0x00000000ecc80000)
 Metaspace       used 83728K, capacity 87690K, committed 87960K, reserved 1126400K
  class space    used 11083K, capacity 11875K, committed 11928K, reserved 1048576K
}
Event: 125.735 GC heap before
{Heap before GC invocations=20 (full 3):
 PSYoungGen      total 131584K, used 131568K [0x00000000f5580000, 0x0000000100000000, 0x0000000100000000)
  eden space 107008K, 100% used [0x00000000f5580000,0x00000000fbe00000,0x00000000fbe00000)
  from space 24576K, 99% used [0x00000000fe800000,0x00000000ffffc140,0x0000000100000000)
  to   space 33792K, 0% used [0x00000000fbe00000,0x00000000fbe00000,0x00000000fdf00000)
 ParOldGen       total 209408K, used 56716K [0x00000000e0000000, 0x00000000ecc80000, 0x00000000f5580000)
  object space 209408K, 27% used [0x00000000e0000000,0x00000000e3763388,0x00000000ecc80000)
 Metaspace       used 86769K, capacity 90954K, committed 91160K, reserved 1128448K
  class space    used 11435K, capacity 12305K, committed 12312K, reserved 1048576K
Event: 125.790 GC heap after
Heap after GC invocations=20 (full 3):
 PSYoungGen      total 140800K, used 14530K [0x00000000f5580000, 0x0000000100000000, 0x0000000100000000)
  eden space 107008K, 0% used [0x00000000f5580000,0x00000000f5580000,0x00000000fbe00000)
  from space 33792K, 43% used [0x00000000fbe00000,0x00000000fcc30bf8,0x00000000fdf00000)
  to   space 32256K, 0% used [0x00000000fe080000,0x00000000fe080000,0x0000000100000000)
 ParOldGen       total 209408K, used 67550K [0x00000000e0000000, 0x00000000ecc80000, 0x00000000f5580000)
  object space 209408K, 32% used [0x00000000e0000000,0x00000000e41f7a18,0x00000000ecc80000)
 Metaspace       used 86769K, capacity 90954K, committed 91160K, reserved 1128448K
  class space    used 11435K, capacity 12305K, committed 12312K, reserved 1048576K
}

Deoptimization events (10 events):
Event: 127.272 Thread 0x000000001c87a800 Uncommon trap: reason=bimorphic action=maybe_recompile pc=0x000000000506374c method=com.sun.org.apache.xerces.internal.dom.ParentNode.checkNormalizationAfterInsert(Lcom/sun/org/apache/xerces/internal/dom/ChildNode;)V @ 23
Event: 127.272 Thread 0x000000001c87a800 Uncommon trap: reason=bimorphic action=maybe_recompile pc=0x000000000506374c method=com.sun.org.apache.xerces.internal.dom.ParentNode.checkNormalizationAfterInsert(Lcom/sun/org/apache/xerces/internal/dom/ChildNode;)V @ 23
Event: 127.272 Thread 0x000000001c87a800 Uncommon trap: reason=bimorphic action=maybe_recompile pc=0x000000000506374c method=com.sun.org.apache.xerces.internal.dom.ParentNode.checkNormalizationAfterInsert(Lcom/sun/org/apache/xerces/internal/dom/ChildNode;)V @ 23
Event: 127.272 Thread 0x000000001c87a800 Uncommon trap: reason=bimorphic action=maybe_recompile pc=0x0000000005059db4 method=com.sun.org.apache.xerces.internal.dom.ParentNode.checkNormalizationAfterInsert(Lcom/sun/org/apache/xerces/internal/dom/ChildNode;)V @ 23
Event: 127.306 Thread 0x000000001c87a800 Uncommon trap: reason=unstable_if action=reinterpret pc=0x00000000050f9e64 method=com.android.utils.XmlUtils.toXmlAttributeValue(Ljava/lang/String;)Ljava/lang/String; @ 33
Event: 127.306 Thread 0x000000001c87a800 Uncommon trap: reason=unstable_if action=reinterpret pc=0x0000000005076978 method=com.android.utils.XmlUtils.toXmlAttributeValue(Ljava/lang/String;)Ljava/lang/String; @ 33
Event: 127.332 Thread 0x000000001c87a800 Uncommon trap: reason=unstable_if action=reinterpret pc=0x00000000050f508c method=com.android.utils.XmlUtils.append(Lcom/android/utils/XmlUtils$PositionAwareStringBuilder;Lorg/w3c/dom/Node;Ljava/util/Map;Ljava/util/Set;)V @ 540
Event: 127.335 Thread 0x000000001c87a800 Uncommon trap: reason=unstable_if action=reinterpret pc=0x000000000509a188 method=sun.nio.cs.UTF_8$Encoder.encodeArrayLoop(Ljava/nio/CharBuffer;Ljava/nio/ByteBuffer;)Ljava/nio/charset/CoderResult; @ 400
Event: 127.335 Thread 0x000000001c87a800 Uncommon trap: reason=unstable_if action=reinterpret pc=0x0000000005097a54 method=sun.nio.cs.UTF_8$Encoder.encodeArrayLoop(Ljava/nio/CharBuffer;Ljava/nio/ByteBuffer;)Ljava/nio/charset/CoderResult; @ 166
Event: 127.336 Thread 0x000000001c87a800 Uncommon trap: reason=unstable_if action=reinterpret pc=0x00000000050a0854 method=sun.nio.cs.UTF_8$Encoder.encodeArrayLoop(Ljava/nio/CharBuffer;Ljava/nio/ByteBuffer;)Ljava/nio/charset/CoderResult; @ 400

Classes redefined (0 events):
No events

Internal exceptions (10 events):
Event: 108.380 Thread 0x000000001c886000 Exception <a 'java/lang/NoSuchMethodError': java.lang.Object.lambda$asRunnable$0(Lcom/android/tools/build/apkzlib/utils/IOExceptionRunnable;)V> (0x00000000f765c2a8) thrown at [C:\src\AOSP-openjdk-git\hotspot\src\share\vm\interpreter\linkResolver.cpp, line
Event: 108.787 Thread 0x000000001c886000 Exception <a 'java/lang/NoSuchMethodError': java.lang.Object.newSystemTemporaryDirectory()Lcom/android/tools/build/apkzlib/bytestorage/TemporaryDirectory;> (0x00000000f7a44308) thrown at [C:\src\AOSP-openjdk-git\hotspot\src\share\vm\interpreter\linkResolv
Event: 115.933 Thread 0x000000001c87a800 Exception <a 'sun/nio/fs/WindowsException'> (0x00000000f9a6a240) thrown at [C:\src\AOSP-openjdk-git\hotspot\src\share\vm\prims\jni.cpp, line 710]
Event: 115.935 Thread 0x000000001c87a800 Exception <a 'sun/nio/fs/WindowsException'> (0x00000000f9a74638) thrown at [C:\src\AOSP-openjdk-git\hotspot\src\share\vm\prims\jni.cpp, line 710]
Event: 115.979 Thread 0x000000001c87a800 Exception <a 'sun/nio/fs/WindowsException'> (0x00000000f9a7b280) thrown at [C:\src\AOSP-openjdk-git\hotspot\src\share\vm\prims\jni.cpp, line 710]
Event: 125.808 Thread 0x000000001c87a800 Implicit null exception at 0x000000000508fd57 to 0x000000000508fe9b
Event: 127.332 Thread 0x000000001c87a800 Implicit null exception at 0x00000000050f6e82 to 0x00000000050f5065
Event: 127.416 Thread 0x000000001c87a800 Exception <a 'java/lang/NoSuchMethodError': <clinit>> (0x00000000f6654c08) thrown at [C:\src\AOSP-openjdk-git\hotspot\src\share\vm\prims\jni.cpp, line 1615]
Event: 127.416 Thread 0x000000001c87a800 Exception <a 'java/lang/NoSuchMethodError': <clinit>> (0x00000000f6665040) thrown at [C:\src\AOSP-openjdk-git\hotspot\src\share\vm\prims\jni.cpp, line 1615]
Event: 127.417 Thread 0x000000001c87a800 Exception <a 'java/lang/NoSuchMethodError': <clinit>> (0x00000000f6678860) thrown at [C:\src\AOSP-openjdk-git\hotspot\src\share\vm\prims\jni.cpp, line 1615]

Events (10 events):
Event: 128.784 loading class com/android/builder/internal/aapt/AaptException
Event: 128.784 loading class com/android/builder/internal/aapt/AaptException done
Event: 128.785 loading class com/android/builder/internal/aapt/v2/AaptV2CommandBuilder
Event: 128.785 loading class com/android/builder/internal/aapt/v2/AaptV2CommandBuilder done
Event: 128.794 loading class com/android/builder/internal/aapt/v2/Aapt2DaemonImpl$WaitForTaskCompletion$Result$Succeeded
Event: 128.794 loading class com/android/builder/internal/aapt/v2/Aapt2DaemonImpl$WaitForTaskCompletion$Result$Succeeded done
Event: 128.794 loading class com/android/builder/internal/aapt/v2/Aapt2DaemonImpl$WaitForTaskCompletion$Result
Event: 128.794 loading class com/android/builder/internal/aapt/v2/Aapt2DaemonImpl$WaitForTaskCompletion$Result done
Event: 128.840 Thread 0x000000001c886000 DEOPT PACKING pc=0x000000000514b373 sp=0x0000000027d9de80
Event: 128.840 Thread 0x000000001c886000 DEOPT UNPACKING pc=0x0000000002fa75d0 sp=0x0000000027d9dc70 mode 0


Dynamic libraries:
0x00007ff676bb0000 - 0x00007ff676be1000 	C:\Program Files\Android\Android Studio\jre\bin\java.exe
0x00007ffad5580000 - 0x00007ffad576d000 	C:\Windows\SYSTEM32\ntdll.dll
0x00007ffad5480000 - 0x00007ffad5533000 	C:\Windows\System32\KERNEL32.DLL
0x00007ffad1980000 - 0x00007ffad1c15000 	C:\Windows\System32\KERNELBASE.dll
0x00007ffad4060000 - 0x00007ffad4103000 	C:\Windows\System32\ADVAPI32.dll
0x00007ffad4590000 - 0x00007ffad462e000 	C:\Windows\System32\msvcrt.dll
0x00007ffad4e80000 - 0x00007ffad4f1e000 	C:\Windows\System32\sechost.dll
0x00007ffad5330000 - 0x00007ffad5452000 	C:\Windows\System32\RPCRT4.dll
0x00007ffad49c0000 - 0x00007ffad4b57000 	C:\Windows\System32\USER32.dll
0x00007ffad2780000 - 0x00007ffad27a0000 	C:\Windows\System32\win32u.dll
0x00007ffad4f20000 - 0x00007ffad4f49000 	C:\Windows\System32\GDI32.dll
0x00007ffad2530000 - 0x00007ffad26cc000 	C:\Windows\System32\gdi32full.dll
0x00007ffad1810000 - 0x00007ffad18b0000 	C:\Windows\System32\msvcp_win.dll
0x00007ffad1c50000 - 0x00007ffad1d4a000 	C:\Windows\System32\ucrtbase.dll
0x00007ffab4b90000 - 0x00007ffab4e09000 	C:\Windows\WinSxS\amd64_microsoft.windows.common-controls_6595b64144ccf1df_6.0.17763.1518_none_de6e2bd0534e2567\COMCTL32.dll
0x00007ffad27a0000 - 0x00007ffad2acd000 	C:\Windows\System32\combase.dll
0x00007ffad24b0000 - 0x00007ffad252e000 	C:\Windows\System32\bcryptPrimitives.dll
0x00007ffad3fd0000 - 0x00007ffad3ffe000 	C:\Windows\System32\IMM32.DLL
0x00000000509a0000 - 0x0000000050a72000 	C:\Program Files\Android\Android Studio\jre\jre\bin\msvcr100.dll
0x0000000050ca0000 - 0x00000000514eb000 	C:\Program Files\Android\Android Studio\jre\jre\bin\server\jvm.dll
0x00007ffad5540000 - 0x00007ffad5548000 	C:\Windows\System32\PSAPI.DLL
0x00007ffabc890000 - 0x00007ffabc899000 	C:\Windows\SYSTEM32\WSOCK32.dll
0x00007ffacd300000 - 0x00007ffacd324000 	C:\Windows\SYSTEM32\WINMM.dll
0x00007ffacb690000 - 0x00007ffacb69a000 	C:\Windows\SYSTEM32\VERSION.dll
0x00007ffad4710000 - 0x00007ffad477d000 	C:\Windows\System32\WS2_32.dll
0x00007ffaccd70000 - 0x00007ffaccd9d000 	C:\Windows\SYSTEM32\WINMMBASE.dll
0x00007ffad18b0000 - 0x00007ffad18fa000 	C:\Windows\System32\cfgmgr32.dll
0x00007ffacd2b0000 - 0x00007ffacd2bf000 	C:\Program Files\Android\Android Studio\jre\jre\bin\verify.dll
0x00007ffa7d020000 - 0x00007ffa7d049000 	C:\Program Files\Android\Android Studio\jre\jre\bin\java.dll
0x00007ffa85a50000 - 0x00007ffa85a66000 	C:\Program Files\Android\Android Studio\jre\jre\bin\zip.dll
0x00007ffad2ad0000 - 0x00007ffad3fc9000 	C:\Windows\System32\SHELL32.dll
0x00007ffad4c90000 - 0x00007ffad4d38000 	C:\Windows\System32\shcore.dll
0x00007ffad1d50000 - 0x00007ffad24a2000 	C:\Windows\System32\windows.storage.dll
0x00007ffad15e0000 - 0x00007ffad1604000 	C:\Windows\System32\profapi.dll
0x00007ffad1580000 - 0x00007ffad15dd000 	C:\Windows\System32\powrprof.dll
0x00007ffad4780000 - 0x00007ffad47d2000 	C:\Windows\System32\shlwapi.dll
0x00007ffad1610000 - 0x00007ffad1621000 	C:\Windows\System32\kernel.appcore.dll
0x00007ffad1900000 - 0x00007ffad1917000 	C:\Windows\System32\cryptsp.dll
0x00007ffa7d000000 - 0x00007ffa7d01a000 	C:\Program Files\Android\Android Studio\jre\jre\bin\net.dll
0x00007ffad0dd0000 - 0x00007ffad0e37000 	C:\Windows\system32\mswsock.dll
0x00007ffa7cf60000 - 0x00007ffa7cf73000 	C:\Program Files\Android\Android Studio\jre\jre\bin\nio.dll
0x00007ffacb700000 - 0x00007ffacb726000 	C:\Users\Murok\.gradle\native\31\windows-amd64\native-platform.dll
0x00007ffacd2a0000 - 0x00007ffacd2ad000 	C:\Program Files\Android\Android Studio\jre\jre\bin\management.dll
0x00007ffad0950000 - 0x00007ffad0983000 	C:\Windows\system32\rsaenh.dll
0x00007ffad1c20000 - 0x00007ffad1c46000 	C:\Windows\System32\bcrypt.dll
0x00007ffad1490000 - 0x00007ffad14b9000 	C:\Windows\SYSTEM32\USERENV.dll
0x00007ffad0fa0000 - 0x00007ffad0fac000 	C:\Windows\SYSTEM32\CRYPTBASE.dll
0x00007ffad0af0000 - 0x00007ffad0b2d000 	C:\Windows\SYSTEM32\IPHLPAPI.DLL
0x00007ffad49b0000 - 0x00007ffad49b8000 	C:\Windows\System32\NSI.dll
0x00007ffacff00000 - 0x00007ffacff16000 	C:\Windows\SYSTEM32\dhcpcsvc6.DLL
0x00007ffacfee0000 - 0x00007ffacfefc000 	C:\Windows\SYSTEM32\dhcpcsvc.DLL
0x00007ffad0b30000 - 0x00007ffad0bf7000 	C:\Windows\SYSTEM32\DNSAPI.dll
0x00007ffabce70000 - 0x00007ffabce94000 	C:\Program Files\Android\Android Studio\jre\jre\bin\sunec.dll
0x00007ffac43c0000 - 0x00007ffac43ca000 	C:\Windows\System32\rasadhlp.dll
0x00007ffac5300000 - 0x00007ffac5379000 	C:\Windows\System32\fwpuclnt.dll
0x00007fface840000 - 0x00007fface84b000 	C:\Program Files\Android\Android Studio\jre\jre\bin\sunmscapi.dll
0x00007ffad1630000 - 0x00007ffad180c000 	C:\Windows\System32\CRYPT32.dll
0x00007ffad1560000 - 0x00007ffad1572000 	C:\Windows\System32\MSASN1.dll

VM Arguments:
jvm_args: -XX:MaxMetaspaceSize=256m -XX:+HeapDumpOnOutOfMemoryError -Xms256m -Xmx512m -Dfile.encoding=windows-1251 -Duser.country=RU -Duser.language=ru -Duser.variant 
java_command: org.gradle.launcher.daemon.bootstrap.GradleDaemon 6.1.1
java_class_path (initial): C:\Users\Murok\.gradle\wrapper\dists\gradle-6.1.1-all\cfmwm155h49vnt3hynmlrsdst\gradle-6.1.1\lib\gradle-launcher-6.1.1.jar
Launcher Type: SUN_STANDARD

Environment Variables:
PATH=C:\Program Files\Microsoft MPI\Bin\;C:\Program Files (x86)\Common Files\Oracle\Java\javapath;C:\Windows\system32;C:\Windows;C:\Windows\System32\Wbem;C:\Windows\System32\WindowsPowerShell\v1.0\;C:\Windows\System32\OpenSSH\;C:\Gradle\gradle-5.4.1-all\gradle-5.4.1\bin;%GRADLE_HOME\bin%;C:\Program Files\Java\jdk-11.0.6;C:\Program Files (x86)\Microsoft SQL Server\140\Tools\Binn\;C:\Program Files\Microsoft SQL Server\140\Tools\Binn\;C:\Program Files (x86)\Microsoft SQL Server\140\DTS\Binn\;C:\Program Files\Microsoft SQL Server\140\DTS\Binn\;C:\Program Files\Microsoft SQL Server\Client SDK\ODBC\130\Tools\Binn\;C:\Program Files (x86)\Microsoft SQL Server\150\DTS\Binn\;C:\Program Files\Git\cmd;C:\Program Files\nodejs\;C:\Users\Murok\AppData\Local\Microsoft\WindowsApps;C:\Exercism;C:\Program Files\JetBrains\WebStorm 2019.2.2\bin;;C:\altera\13.0\modelsim_ase\win32aloem;C:\Users\Murok\AppData\Roaming\npm;C:\Program Files\heroku\bin
USERNAME=Murok
OS=Windows_NT
PROCESSOR_IDENTIFIER=Intel64 Family 6 Model 142 Stepping 10, GenuineIntel



---------------  S Y S T E M  ---------------

OS: Windows 10.0 , 64 bit Build 17763 (10.0.17763.475)

CPU:total 8 (initial active 8) (4 cores per cpu, 2 threads per core) family 6 model 142 stepping 10, cmov, cx8, fxsr, mmx, sse, sse2, sse3, ssse3, sse4.1, sse4.2, popcnt, avx, avx2, aes, clmul, erms, 3dnowpref, lzcnt, ht, tsc, tscinvbit, bmi1, bmi2, adx

Memory: 4k page, physical 8269224k(1291088k free), swap 9088424k(4k free)

vm_info: OpenJDK 64-Bit Server VM (25.242-b01) for windows-amd64 JRE (1.8.0_242-release-1644-b01), built by "builder" with MS VC++ 10.0 (VS2010)

time: Fri Nov 06 22:58:53 2020
timezone: Центральная Азия (зима)
elapsed time: 128 seconds (0d 0h 2m 8s)

